<?xml version="1.0" encoding="UTF-8"?>
<testsuite xmlns:xsi="http://www.w3.org/2001/XMLSchema-instance" xsi:noNamespaceSchemaLocation="https://maven.apache.org/surefire/maven-surefire-plugin/xsd/surefire-test-report-3.0.xsd" version="3.0" name="wo1261931780.testMybatisFlex.MybatisFlexTestApplicationTests" time="4.183" tests="1" errors="0" skipped="0" failures="0">
  <properties>
[...]
</properties>
  <testcase name="contextLoads" classname="wo1261931780.testMybatisFlex.MybatisFlexTestApplicationTests" time="1.613">
    <system-out><![CDATA[13:05:31.064 [main] INFO org.springframework.test.context.support.AnnotationConfigContextLoaderUtils -- Could not detect default configuration classes for test class [wo1261931780.testMybatisFlex.MybatisFlexTestApplicationTests]: MybatisFlexTestApplicationTests does not declare any static, non-private, non-final, nested classes annotated with @Configuration.
13:05:31.150 [main] INFO org.springframework.boot.test.context.SpringBootTestContextBootstrapper -- Found @SpringBootConfiguration wo1261931780.testMybatisFlex.TestMybatisFlexApplication for test class wo1261931780.testMybatisFlex.MybatisFlexTestApplicationTests
      _ _    _ _   ___          __           _____  _____   ____       _ ______ _____ _______
     | | |  | | \ | \ \        / /          |  __ \|  __ \ / __ \     | |  ____/ ____|__   __|
     | | |  | |  \| |\ \  /\  / /           | |__) | |__) | |  | |    | | |__ | |       | |
 _   | | |  | | . ` | \ \/  \/ /            |  ___/|  _  /| |  | |_   | |  __|| |       | |
| |__| | |__| | |\  |  \  /\  /             | |    | | \ \| |__| | |__| | |___| |____   | |
 \____/ \____/|_| \_|   \/  \/              |_|    |_|  \_\\____/ \____/|______\_____|  |_|
                                    ______
                                   |______|
                                   
2023-11-23T13:05:31.683+08:00  INFO 26384 --- [           main] w.t.MybatisFlexTestApplicationTests      : Starting MybatisFlexTestApplicationTests using Java 17.0.9 with PID 26384 (started by junw in C:\Users\junw\Documents\GitHub\test-MybatisFlex)
2023-11-23T13:05:31.684+08:00  INFO 26384 --- [           main] w.t.MybatisFlexTestApplicationTests      : No active profile set, falling back to 1 default profile: "default"
2023-11-23T13:05:32.594+08:00  INFO 26384 --- [           main] trationDelegate$BeanPostProcessorChecker : Bean 'com.mybatisflex.spring.boot.FlexTransactionAutoConfiguration' of type [com.mybatisflex.spring.boot.FlexTransactionAutoConfiguration] is not eligible for getting processed by all BeanPostProcessors (for example: not eligible for auto-proxying)
  __  __       _           _   _       _____ _           
 |  \/  |_   _| |__   __ _| |_(_)___  |  ___| | _____  __
 | |\/| | | | | '_ \ / _` | __| / __| | |_  | |/ _ \ \/ /
 | |  | | |_| | |_) | (_| | |_| \__ \ |  _| | |  __/>  < 
 |_|  |_|\__, |_.__/ \__,_|\__|_|___/ |_|   |_|\___/_/\_\
         |___/ v1.7.4 https://mybatis-flex.com
2023-11-23T13:05:33.473+08:00  INFO 26384 --- [           main] w.t.MybatisFlexTestApplicationTests      : Started MybatisFlexTestApplicationTests in 2.202 seconds (process running for 3.096)
2023-11-23T13:05:34.777+08:00  INFO 26384 --- [           main] com.zaxxer.hikari.HikariDataSource       : HikariPool-1 - Starting...
2023-11-23T13:05:35.000+08:00  INFO 26384 --- [           main] com.zaxxer.hikari.pool.HikariPool        : HikariPool-1 - Added connection com.mysql.cj.jdbc.ConnectionImpl@5f6a8efe
2023-11-23T13:05:35.007+08:00  INFO 26384 --- [           main] com.zaxxer.hikari.HikariDataSource       : HikariPool-1 - Start completed.
Account(id=1, userName=张三, age=18, birthday=Sat Jan 11 00:00:00 CST 2020)
]]></system-out>
  </testcase>
</testsuite>